<?xml version="1.0" encoding="UTF-8"?>
<!-- Generated by org.testng.reporters.JUnitReportReporter -->
<testsuite skipped="0" hostname="PC201511121636" name="testSuites.Test_HomePage_Search" tests="1" failures="0" timestamp="12 四月 2018 07:55:10 GMT" time="10.113" errors="0">
  <testcase name="test_searchGoods" time="10.113" classname="testSuites.Test_HomePage_Search"/>
</testsuite> <!-- testSuites.Test_HomePage_Search -->
