<?xml version="1.0" encoding="UTF-8"?>
<!-- Generated by org.testng.reporters.JUnitReportReporter -->
<testsuite skipped="0" hostname="PC201511121636" name="testSuites.TestCheckGoodsPrice" tests="1" failures="0" timestamp="12 四月 2018 07:48:14 GMT" time="9.803" errors="0">
  <testcase name="checkPrice" time="9.803" classname="testSuites.TestCheckGoodsPrice"/>
</testsuite> <!-- testSuites.TestCheckGoodsPrice -->
