<?xml version="1.0" encoding="UTF-8"?>
<!-- Generated by org.testng.reporters.JUnitReportReporter -->
<testsuite skipped="0" hostname="PC201511121636" name="testSuites.TestLaunchBrowser" tests="1" failures="0" timestamp="12 四月 2018 07:25:40 GMT" time="0.294" errors="0">
  <testcase name="clickNews" time="0.294" classname="testSuites.TestLaunchBrowser"/>
</testsuite> <!-- testSuites.TestLaunchBrowser -->
